c:\users\faifa\downloads\rayskelf14\debug\vc120.pdb
c:\users\faifa\downloads\rayskelf14\debug\vc120.idb
c:\users\faifa\downloads\rayskelf14\debug\trimesh.obj
c:\users\faifa\downloads\rayskelf14\debug\square.obj
c:\users\faifa\downloads\rayskelf14\debug\sphere.obj
c:\users\faifa\downloads\rayskelf14\debug\cylinder.obj
c:\users\faifa\downloads\rayskelf14\debug\cone.obj
c:\users\faifa\downloads\rayskelf14\debug\box.obj
c:\users\faifa\downloads\rayskelf14\debug\scene.obj
c:\users\faifa\downloads\rayskelf14\debug\ray.obj
c:\users\faifa\downloads\rayskelf14\debug\material.obj
c:\users\faifa\downloads\rayskelf14\debug\light.obj
c:\users\faifa\downloads\rayskelf14\debug\camera.obj
c:\users\faifa\downloads\rayskelf14\debug\vecmath.obj
c:\users\faifa\downloads\rayskelf14\debug\read.obj
c:\users\faifa\downloads\rayskelf14\debug\parse.obj
c:\users\faifa\downloads\rayskelf14\debug\bitmap.obj
c:\users\faifa\downloads\rayskelf14\debug\traceui.obj
c:\users\faifa\downloads\rayskelf14\debug\traceglwindow.obj
c:\users\faifa\downloads\rayskelf14\debug\raytracer.obj
c:\users\faifa\downloads\rayskelf14\debug\main.obj
c:\users\faifa\downloads\rayskelf14\debug\getopt.obj
c:\users\faifa\downloads\rayskelf14\debug\ray.tlog\cl.command.1.tlog
c:\users\faifa\downloads\rayskelf14\debug\ray.tlog\cl.read.1.tlog
c:\users\faifa\downloads\rayskelf14\debug\ray.tlog\cl.write.1.tlog
c:\users\faifa\downloads\rayskelf14\debug\ray.tlog\link.command.1.tlog
c:\users\faifa\downloads\rayskelf14\debug\ray.tlog\link.read.1.tlog
c:\users\faifa\downloads\rayskelf14\debug\ray.tlog\link.write.1.tlog
