c:\users\cktang\desktop\rayskels12-compressed\rayskels12\release\vc120.pdb
c:\users\cktang\desktop\rayskels12-compressed\rayskels12\release\trimesh.obj
c:\users\cktang\desktop\rayskels12-compressed\rayskels12\release\square.obj
c:\users\cktang\desktop\rayskels12-compressed\rayskels12\release\sphere.obj
c:\users\cktang\desktop\rayskels12-compressed\rayskels12\release\cylinder.obj
c:\users\cktang\desktop\rayskels12-compressed\rayskels12\release\cone.obj
c:\users\cktang\desktop\rayskels12-compressed\rayskels12\release\box.obj
c:\users\cktang\desktop\rayskels12-compressed\rayskels12\release\scene.obj
c:\users\cktang\desktop\rayskels12-compressed\rayskels12\release\ray.obj
c:\users\cktang\desktop\rayskels12-compressed\rayskels12\release\material.obj
c:\users\cktang\desktop\rayskels12-compressed\rayskels12\release\light.obj
c:\users\cktang\desktop\rayskels12-compressed\rayskels12\release\camera.obj
c:\users\cktang\desktop\rayskels12-compressed\rayskels12\release\vecmath.obj
c:\users\cktang\desktop\rayskels12-compressed\rayskels12\release\read.obj
c:\users\cktang\desktop\rayskels12-compressed\rayskels12\release\parse.obj
c:\users\cktang\desktop\rayskels12-compressed\rayskels12\release\bitmap.obj
c:\users\cktang\desktop\rayskels12-compressed\rayskels12\release\traceui.obj
c:\users\cktang\desktop\rayskels12-compressed\rayskels12\release\traceglwindow.obj
c:\users\cktang\desktop\rayskels12-compressed\rayskels12\release\raytracer.obj
c:\users\cktang\desktop\rayskels12-compressed\rayskels12\release\main.obj
c:\users\cktang\desktop\rayskels12-compressed\rayskels12\release\getopt.obj
c:\users\cktang\desktop\rayskels12-compressed\rayskels12\release\ray.exe
c:\users\cktang\desktop\rayskels12-compressed\rayskels12\release\ray.map
c:\users\cktang\desktop\rayskels12-compressed\rayskels12\.\release\ray.exe
c:\users\cktang\desktop\rayskels12-compressed\rayskels12\release\ray.tlog\cl.command.1.tlog
c:\users\cktang\desktop\rayskels12-compressed\rayskels12\release\ray.tlog\cl.read.1.tlog
c:\users\cktang\desktop\rayskels12-compressed\rayskels12\release\ray.tlog\cl.write.1.tlog
c:\users\cktang\desktop\rayskels12-compressed\rayskels12\release\ray.tlog\link.command.1.tlog
c:\users\cktang\desktop\rayskels12-compressed\rayskels12\release\ray.tlog\link.read.1.tlog
c:\users\cktang\desktop\rayskels12-compressed\rayskels12\release\ray.tlog\link.write.1.tlog
